<?xml version="1.0" encoding="UTF-8"?>
<testsuite name="edu.coursera.distributed.FileServerTest" time="0.043" tests="8" errors="0" skipped="0" failures="0">
  <properties>
[...]
</properties>
  <testcase name="testLargeFileGet" classname="edu.coursera.distributed.FileServerTest" time="0.032"/>
  <testcase name="testMissingFileGet" classname="edu.coursera.distributed.FileServerTest" time="0.002"/>
  <testcase name="testTermination" classname="edu.coursera.distributed.FileServerTest" time="0"/>
  <testcase name="testDoublyNestedFileGet" classname="edu.coursera.distributed.FileServerTest" time="0.001"/>
  <testcase name="testMissingNestedFileGet" classname="edu.coursera.distributed.FileServerTest" time="0.002"/>
  <testcase name="testFileGet" classname="edu.coursera.distributed.FileServerTest" time="0.002"/>
  <testcase name="testFileGets" classname="edu.coursera.distributed.FileServerTest" time="0.003"/>
  <testcase name="testNestedFileGet" classname="edu.coursera.distributed.FileServerTest" time="0.001"/>
</testsuite>